<xml><ToUserName><![CDATA[gh_709dd1423d4c]]></ToUserName>
<FromUserName><![CDATA[onun_5lLzel17JvjX1tQiJH40eno]]></FromUserName>
<CreateTime>1605153370</CreateTime>
<MsgType><![CDATA[image]]></MsgType>
<PicUrl><![CDATA[http://mmbiz.qpic.cn/mmbiz_jpg/ptMUcDIosk73nYia4As65cDUic5uDHNHhF4SOLOQh4kSh5MWbHmOiaD4icfVAEbPnicicOVmq6D5SEaVSYRIIAusTnog/0]]></PicUrl>
<MsgId>22980272898104853</MsgId>
<MediaId><![CDATA[ajbpLCVOvwAwpSCS0Yq50xZYl1MWoNBdHAf9zVhWaCcXWFtFwNK25wBk1q7R8HZJ]]></MediaId>
</xml>



https://open.weixin.qq.com/connect/oauth2/authorize?appid=wxfbad01063a92db24&redirect_uri=http://jd.2004.com/web_redirect&response_type=code&scope=SCOPE&state=STATE#wechat_redirect

<xml><ToUserName><![CDATA[gh_709dd1423d4c]]></ToUserName>
<FromUserName><![CDATA[onun_5lLzel17JvjX1tQiJH40eno]]></FromUserName>
<CreateTime>1605169070</CreateTime>
<MsgType><![CDATA[event]]></MsgType>
<Event><![CDATA[VIEW]]></Event>
<EventKey><![CDATA[http://jd.2004.com/]]></EventKey>
<MenuId>423797499</MenuId>
</xml>


<xml><ToUserName><![CDATA[gh_709dd1423d4c]]></ToUserName>
<FromUserName><![CDATA[onun_5lLzel17JvjX1tQiJH40eno]]></FromUserName>
<CreateTime>1605169070</CreateTime>
<MsgType><![CDATA[event]]></MsgType>
<Event><![CDATA[VIEW]]></Event>
<EventKey><![CDATA[http://jd.2004.com/]]></EventKey>
<MenuId>423797499</MenuId>
</xml>


<xml><ToUserName><![CDATA[gh_709dd1423d4c]]></ToUserName>
<FromUserName><![CDATA[onun_5lLzel17JvjX1tQiJH40eno]]></FromUserName>
<CreateTime>1605169070</CreateTime>
<MsgType><![CDATA[event]]></MsgType>
<Event><![CDATA[VIEW]]></Event>
<EventKey><![CDATA[http://jd.2004.com/]]></EventKey>
<MenuId>423797499</MenuId>
</xml>


<xml><ToUserName><![CDATA[gh_709dd1423d4c]]></ToUserName>
<FromUserName><![CDATA[onun_5lLzel17JvjX1tQiJH40eno]]></FromUserName>
<CreateTime>1605169070</CreateTime>
<MsgType><![CDATA[event]]></MsgType>
<Event><![CDATA[VIEW]]></Event>
<EventKey><![CDATA[http://jd.2004.com/]]></EventKey>
<MenuId>423797499</MenuId>
</xml>


<xml><ToUserName><![CDATA[gh_709dd1423d4c]]></ToUserName>
<FromUserName><![CDATA[onun_5lLzel17JvjX1tQiJH40eno]]></FromUserName>
<CreateTime>1605265443</CreateTime>
<MsgType><![CDATA[event]]></MsgType>
<Event><![CDATA[CLICK]]></Event>
<EventKey><![CDATA[DAILY]]></EventKey>
</xml>


<xml><ToUserName><![CDATA[gh_709dd1423d4c]]></ToUserName>
<FromUserName><![CDATA[onun_5lLzel17JvjX1tQiJH40eno]]></FromUserName>
<CreateTime>1605265443</CreateTime>
<MsgType><![CDATA[event]]></MsgType>
<Event><![CDATA[CLICK]]></Event>
<EventKey><![CDATA[DAILY]]></EventKey>
</xml>


<xml><ToUserName><![CDATA[gh_709dd1423d4c]]></ToUserName>
<FromUserName><![CDATA[onun_5lLzel17JvjX1tQiJH40eno]]></FromUserName>
<CreateTime>1605265443</CreateTime>
<MsgType><![CDATA[event]]></MsgType>
<Event><![CDATA[CLICK]]></Event>
<EventKey><![CDATA[DAILY]]></EventKey>
</xml>


<xml><ToUserName><![CDATA[gh_709dd1423d4c]]></ToUserName>
<FromUserName><![CDATA[onun_5lLzel17JvjX1tQiJH40eno]]></FromUserName>
<CreateTime>1605265443</CreateTime>
<MsgType><![CDATA[event]]></MsgType>
<Event><![CDATA[CLICK]]></Event>
<EventKey><![CDATA[DAILY]]></EventKey>
</xml>


<xml><ToUserName><![CDATA[gh_709dd1423d4c]]></ToUserName>
<FromUserName><![CDATA[onun_5lLzel17JvjX1tQiJH40eno]]></FromUserName>
<CreateTime>1605265443</CreateTime>
<MsgType><![CDATA[event]]></MsgType>
<Event><![CDATA[CLICK]]></Event>
<EventKey><![CDATA[DAILY]]></EventKey>
</xml>


<xml><ToUserName><![CDATA[gh_709dd1423d4c]]></ToUserName>
<FromUserName><![CDATA[onun_5lLzel17JvjX1tQiJH40eno]]></FromUserName>
<CreateTime>1605265443</CreateTime>
<MsgType><![CDATA[event]]></MsgType>
<Event><![CDATA[CLICK]]></Event>
<EventKey><![CDATA[DAILY]]></EventKey>
</xml>


<xml><ToUserName><![CDATA[gh_709dd1423d4c]]></ToUserName>
<FromUserName><![CDATA[onun_5lLzel17JvjX1tQiJH40eno]]></FromUserName>
<CreateTime>1605265443</CreateTime>
<MsgType><![CDATA[event]]></MsgType>
<Event><![CDATA[CLICK]]></Event>
<EventKey><![CDATA[DAILY]]></EventKey>
</xml>


<xml><ToUserName><![CDATA[gh_709dd1423d4c]]></ToUserName>
<FromUserName><![CDATA[onun_5lLzel17JvjX1tQiJH40eno]]></FromUserName>
<CreateTime>1605265443</CreateTime>
<MsgType><![CDATA[event]]></MsgType>
<Event><![CDATA[CLICK]]></Event>
<EventKey><![CDATA[DAILY]]></EventKey>
</xml>


<xml><ToUserName><![CDATA[gh_709dd1423d4c]]></ToUserName>
<FromUserName><![CDATA[onun_5lLzel17JvjX1tQiJH40eno]]></FromUserName>
<CreateTime>1605265443</CreateTime>
<MsgType><![CDATA[event]]></MsgType>
<Event><![CDATA[CLICK]]></Event>
<EventKey><![CDATA[DAILY]]></EventKey>
</xml>


<xml><ToUserName><![CDATA[gh_709dd1423d4c]]></ToUserName>
<FromUserName><![CDATA[onun_5lLzel17JvjX1tQiJH40eno]]></FromUserName>
<CreateTime>1605265443</CreateTime>
<MsgType><![CDATA[event]]></MsgType>
<Event><![CDATA[CLICK]]></Event>
<EventKey><![CDATA[DAILY]]></EventKey>
</xml>


<xml><ToUserName><![CDATA[gh_709dd1423d4c]]></ToUserName>
<FromUserName><![CDATA[onun_5lLzel17JvjX1tQiJH40eno]]></FromUserName>
<CreateTime>1605265443</CreateTime>
<MsgType><![CDATA[event]]></MsgType>
<Event><![CDATA[CLICK]]></Event>
<EventKey><![CDATA[DAILY]]></EventKey>
</xml>


<xml><ToUserName><![CDATA[gh_709dd1423d4c]]></ToUserName>
<FromUserName><![CDATA[onun_5lLzel17JvjX1tQiJH40eno]]></FromUserName>
<CreateTime>1605265443</CreateTime>
<MsgType><![CDATA[event]]></MsgType>
<Event><![CDATA[CLICK]]></Event>
<EventKey><![CDATA[DAILY]]></EventKey>
</xml>


<xml><ToUserName><![CDATA[gh_709dd1423d4c]]></ToUserName>
<FromUserName><![CDATA[onun_5lLzel17JvjX1tQiJH40eno]]></FromUserName>
<CreateTime>1605314539</CreateTime>
<MsgType><![CDATA[event]]></MsgType>
<Event><![CDATA[CLICK]]></Event>
<EventKey><![CDATA[DAILY]]></EventKey>
</xml>


<xml><ToUserName><![CDATA[gh_709dd1423d4c]]></ToUserName>
<FromUserName><![CDATA[onun_5lLzel17JvjX1tQiJH40eno]]></FromUserName>
<CreateTime>1605314539</CreateTime>
<MsgType><![CDATA[event]]></MsgType>
<Event><![CDATA[CLICK]]></Event>
<EventKey><![CDATA[DAILY]]></EventKey>
</xml>


<xml><ToUserName><![CDATA[gh_709dd1423d4c]]></ToUserName>
<FromUserName><![CDATA[onun_5lLzel17JvjX1tQiJH40eno]]></FromUserName>
<CreateTime>1605314539</CreateTime>
<MsgType><![CDATA[event]]></MsgType>
<Event><![CDATA[CLICK]]></Event>
<EventKey><![CDATA[DAILY]]></EventKey>
</xml>


<xml><ToUserName><![CDATA[gh_709dd1423d4c]]></ToUserName>
<FromUserName><![CDATA[onun_5lLzel17JvjX1tQiJH40eno]]></FromUserName>
<CreateTime>1605314539</CreateTime>
<MsgType><![CDATA[event]]></MsgType>
<Event><![CDATA[CLICK]]></Event>
<EventKey><![CDATA[DAILY]]></EventKey>
</xml>


<xml><ToUserName><![CDATA[gh_709dd1423d4c]]></ToUserName>
<FromUserName><![CDATA[onun_5lLzel17JvjX1tQiJH40eno]]></FromUserName>
<CreateTime>1605314539</CreateTime>
<MsgType><![CDATA[event]]></MsgType>
<Event><![CDATA[CLICK]]></Event>
<EventKey><![CDATA[DAILY]]></EventKey>
</xml>


<xml><ToUserName><![CDATA[gh_709dd1423d4c]]></ToUserName>
<FromUserName><![CDATA[onun_5lLzel17JvjX1tQiJH40eno]]></FromUserName>
<CreateTime>1605314539</CreateTime>
<MsgType><![CDATA[event]]></MsgType>
<Event><![CDATA[CLICK]]></Event>
<EventKey><![CDATA[DAILY]]></EventKey>
</xml>


<xml><ToUserName><![CDATA[gh_709dd1423d4c]]></ToUserName>
<FromUserName><![CDATA[onun_5lLzel17JvjX1tQiJH40eno]]></FromUserName>
<CreateTime>1605314539</CreateTime>
<MsgType><![CDATA[event]]></MsgType>
<Event><![CDATA[CLICK]]></Event>
<EventKey><![CDATA[DAILY]]></EventKey>
</xml>


<xml><ToUserName><![CDATA[gh_709dd1423d4c]]></ToUserName>
<FromUserName><![CDATA[onun_5lLzel17JvjX1tQiJH40eno]]></FromUserName>
<CreateTime>1605314539</CreateTime>
<MsgType><![CDATA[event]]></MsgType>
<Event><![CDATA[CLICK]]></Event>
<EventKey><![CDATA[DAILY]]></EventKey>
</xml>


<xml><ToUserName><![CDATA[gh_709dd1423d4c]]></ToUserName>
<FromUserName><![CDATA[onun_5lLzel17JvjX1tQiJH40eno]]></FromUserName>
<CreateTime>1605314539</CreateTime>
<MsgType><![CDATA[event]]></MsgType>
<Event><![CDATA[CLICK]]></Event>
<EventKey><![CDATA[DAILY]]></EventKey>
</xml>


<xml><ToUserName><![CDATA[gh_709dd1423d4c]]></ToUserName>
<FromUserName><![CDATA[onun_5lLzel17JvjX1tQiJH40eno]]></FromUserName>
<CreateTime>1605314539</CreateTime>
<MsgType><![CDATA[event]]></MsgType>
<Event><![CDATA[CLICK]]></Event>
<EventKey><![CDATA[DAILY]]></EventKey>
</xml>


<xml><ToUserName><![CDATA[gh_709dd1423d4c]]></ToUserName>
<FromUserName><![CDATA[onun_5lLzel17JvjX1tQiJH40eno]]></FromUserName>
<CreateTime>1605314539</CreateTime>
<MsgType><![CDATA[event]]></MsgType>
<Event><![CDATA[CLICK]]></Event>
<EventKey><![CDATA[DAILY]]></EventKey>
</xml>


<xml><ToUserName><![CDATA[gh_709dd1423d4c]]></ToUserName>
<FromUserName><![CDATA[onun_5lLzel17JvjX1tQiJH40eno]]></FromUserName>
<CreateTime>1605314539</CreateTime>
<MsgType><![CDATA[event]]></MsgType>
<Event><![CDATA[CLICK]]></Event>
<EventKey><![CDATA[DAILY]]></EventKey>
</xml>


<xml><ToUserName><![CDATA[gh_709dd1423d4c]]></ToUserName>
<FromUserName><![CDATA[onun_5lLzel17JvjX1tQiJH40eno]]></FromUserName>
<CreateTime>1605314539</CreateTime>
<MsgType><![CDATA[event]]></MsgType>
<Event><![CDATA[CLICK]]></Event>
<EventKey><![CDATA[DAILY]]></EventKey>
</xml>


<xml><ToUserName><![CDATA[gh_709dd1423d4c]]></ToUserName>
<FromUserName><![CDATA[onun_5lLzel17JvjX1tQiJH40eno]]></FromUserName>
<CreateTime>1605314539</CreateTime>
<MsgType><![CDATA[event]]></MsgType>
<Event><![CDATA[CLICK]]></Event>
<EventKey><![CDATA[DAILY]]></EventKey>
</xml>


<xml><ToUserName><![CDATA[gh_709dd1423d4c]]></ToUserName>
<FromUserName><![CDATA[onun_5lLzel17JvjX1tQiJH40eno]]></FromUserName>
<CreateTime>1605314539</CreateTime>
<MsgType><![CDATA[event]]></MsgType>
<Event><![CDATA[CLICK]]></Event>
<EventKey><![CDATA[DAILY]]></EventKey>
</xml>


<xml><ToUserName><![CDATA[gh_709dd1423d4c]]></ToUserName>
<FromUserName><![CDATA[onun_5lLzel17JvjX1tQiJH40eno]]></FromUserName>
<CreateTime>1605314539</CreateTime>
<MsgType><![CDATA[event]]></MsgType>
<Event><![CDATA[CLICK]]></Event>
<EventKey><![CDATA[DAILY]]></EventKey>
</xml>





<xml><ToUserName><![CDATA[gh_709dd1423d4c]]></ToUserName>
<FromUserName><![CDATA[onun_5lLzel17JvjX1tQiJH40eno]]></FromUserName>
<CreateTime>1605314539</CreateTime>
<MsgType><![CDATA[event]]></MsgType>
<Event><![CDATA[CLICK]]></Event>
<EventKey><![CDATA[DAILY]]></EventKey>
</xml>





<xml><ToUserName><![CDATA[gh_709dd1423d4c]]></ToUserName>
<FromUserName><![CDATA[onun_5lLzel17JvjX1tQiJH40eno]]></FromUserName>
<CreateTime>1605314539</CreateTime>
<MsgType><![CDATA[event]]></MsgType>
<Event><![CDATA[CLICK]]></Event>
<EventKey><![CDATA[DAILY]]></EventKey>
</xml>





<xml><ToUserName><![CDATA[gh_709dd1423d4c]]></ToUserName>
<FromUserName><![CDATA[onun_5lLzel17JvjX1tQiJH40eno]]></FromUserName>
<CreateTime>1605314539</CreateTime>
<MsgType><![CDATA[event]]></MsgType>
<Event><![CDATA[CLICK]]></Event>
<EventKey><![CDATA[DAILY]]></EventKey>
</xml>





<xml><ToUserName><![CDATA[gh_709dd1423d4c]]></ToUserName>
<FromUserName><![CDATA[onun_5lLzel17JvjX1tQiJH40eno]]></FromUserName>
<CreateTime>1605314539</CreateTime>
<MsgType><![CDATA[event]]></MsgType>
<Event><![CDATA[CLICK]]></Event>
<EventKey><![CDATA[DAILY]]></EventKey>
</xml>





<xml><ToUserName><![CDATA[gh_709dd1423d4c]]></ToUserName>
<FromUserName><![CDATA[onun_5lLzel17JvjX1tQiJH40eno]]></FromUserName>
<CreateTime>1605314539</CreateTime>
<MsgType><![CDATA[event]]></MsgType>
<Event><![CDATA[CLICK]]></Event>
<EventKey><![CDATA[DAILY]]></EventKey>
</xml>





<xml><ToUserName><![CDATA[gh_709dd1423d4c]]></ToUserName>
<FromUserName><![CDATA[onun_5lLzel17JvjX1tQiJH40eno]]></FromUserName>
<CreateTime>1605314539</CreateTime>
<MsgType><![CDATA[event]]></MsgType>
<Event><![CDATA[CLICK]]></Event>
<EventKey><![CDATA[DAILY]]></EventKey>
</xml>





<xml><ToUserName><![CDATA[gh_709dd1423d4c]]></ToUserName>
<FromUserName><![CDATA[onun_5lLzel17JvjX1tQiJH40eno]]></FromUserName>
<CreateTime>1605314539</CreateTime>
<MsgType><![CDATA[event]]></MsgType>
<Event><![CDATA[CLICK]]></Event>
<EventKey><![CDATA[DAILY]]></EventKey>
</xml>





<xml><ToUserName><![CDATA[gh_709dd1423d4c]]></ToUserName>
<FromUserName><![CDATA[onun_5lLzel17JvjX1tQiJH40eno]]></FromUserName>
<CreateTime>1605314539</CreateTime>
<MsgType><![CDATA[event]]></MsgType>
<Event><![CDATA[CLICK]]></Event>
<EventKey><![CDATA[DAILY]]></EventKey>
</xml>





<xml><ToUserName><![CDATA[gh_709dd1423d4c]]></ToUserName>
<FromUserName><![CDATA[onun_5lLzel17JvjX1tQiJH40eno]]></FromUserName>
<CreateTime>1605314539</CreateTime>
<MsgType><![CDATA[event]]></MsgType>
<Event><![CDATA[CLICK]]></Event>
<EventKey><![CDATA[DAILY]]></EventKey>
</xml>





<xml><ToUserName><![CDATA[gh_709dd1423d4c]]></ToUserName>
<FromUserName><![CDATA[onun_5lLzel17JvjX1tQiJH40eno]]></FromUserName>
<CreateTime>1605314539</CreateTime>
<MsgType><![CDATA[event]]></MsgType>
<Event><![CDATA[CLICK]]></Event>
<EventKey><![CDATA[DAILY]]></EventKey>
</xml>





<xml><ToUserName><![CDATA[gh_709dd1423d4c]]></ToUserName>
<FromUserName><![CDATA[onun_5lLzel17JvjX1tQiJH40eno]]></FromUserName>
<CreateTime>1605314539</CreateTime>
<MsgType><![CDATA[event]]></MsgType>
<Event><![CDATA[CLICK]]></Event>
<EventKey><![CDATA[DAILY]]></EventKey>
</xml>





